{"level":"\u001b[33mwarn\u001b[39m","message":"ACCESS_TOKEN_SECRET: Not Loaded","timestamp":"2025-02-01 22:51:14"}
{"level":"\u001b[33mwarn\u001b[39m","message":"REFRESH_TOKEN_SECRET: Not Loaded","timestamp":"2025-02-01 22:51:14"}
{"level":"\u001b[32minfo\u001b[39m","message":"Server is running on port: 3000","timestamp":"2025-02-01 22:51:14"}
{"level":"\u001b[32minfo\u001b[39m","message":"Database connected successfully","timestamp":"2025-02-01 22:51:14"}
{"level":"\u001b[32minfo\u001b[39m","message":"Database connection successful","timestamp":"2025-02-01 22:51:14"}
{"level":"\u001b[33mwarn\u001b[39m","message":"ACCESS_TOKEN_SECRET: Not Loaded","timestamp":"2025-02-01 23:00:51"}
{"level":"\u001b[33mwarn\u001b[39m","message":"REFRESH_TOKEN_SECRET: Not Loaded","timestamp":"2025-02-01 23:00:51"}
{"level":"\u001b[32minfo\u001b[39m","message":"Server is running on port: 3000","timestamp":"2025-02-01 23:00:51"}
{"level":"\u001b[32minfo\u001b[39m","message":"Database connected successfully","timestamp":"2025-02-01 23:00:52"}
{"level":"\u001b[32minfo\u001b[39m","message":"Database connection successful","timestamp":"2025-02-01 23:00:52"}
{"level":"\u001b[33mwarn\u001b[39m","message":"ACCESS_TOKEN_SECRET: Not Loaded","timestamp":"2025-02-01 23:09:13"}
{"level":"\u001b[33mwarn\u001b[39m","message":"REFRESH_TOKEN_SECRET: Not Loaded","timestamp":"2025-02-01 23:09:13"}
{"level":"\u001b[32minfo\u001b[39m","message":"Server is running on port: 3000","timestamp":"2025-02-01 23:09:13"}
{"level":"\u001b[32minfo\u001b[39m","message":"Database connected successfully","timestamp":"2025-02-01 23:09:14"}
{"level":"\u001b[32minfo\u001b[39m","message":"Database connection successful","timestamp":"2025-02-01 23:09:14"}
{"level":"\u001b[33mwarn\u001b[39m","message":"ACCESS_TOKEN_SECRET: Not Loaded","timestamp":"2025-02-01 23:14:02"}
{"level":"\u001b[33mwarn\u001b[39m","message":"REFRESH_TOKEN_SECRET: Not Loaded","timestamp":"2025-02-01 23:14:02"}
{"level":"\u001b[32minfo\u001b[39m","message":"Server is running on port: 1655","timestamp":"2025-02-01 23:14:02"}
{"level":"\u001b[32minfo\u001b[39m","message":"Database connected successfully","timestamp":"2025-02-01 23:14:02"}
{"level":"\u001b[32minfo\u001b[39m","message":"Database connection successful","timestamp":"2025-02-01 23:14:02"}
{"level":"\u001b[33mwarn\u001b[39m","message":"ACCESS_TOKEN_SECRET: Not Loaded","timestamp":"2025-02-01 23:21:22"}
{"level":"\u001b[33mwarn\u001b[39m","message":"REFRESH_TOKEN_SECRET: Not Loaded","timestamp":"2025-02-01 23:21:22"}
{"level":"\u001b[32minfo\u001b[39m","message":"Server is running on port: 1655","timestamp":"2025-02-01 23:21:22"}
{"level":"\u001b[32minfo\u001b[39m","message":"Database connected successfully","timestamp":"2025-02-01 23:21:23"}
{"level":"\u001b[32minfo\u001b[39m","message":"Database connection successful","timestamp":"2025-02-01 23:21:23"}
{"level":"\u001b[33mwarn\u001b[39m","message":"ACCESS_TOKEN_SECRET: Not Loaded","timestamp":"2025-02-01 23:26:25"}
{"level":"\u001b[33mwarn\u001b[39m","message":"REFRESH_TOKEN_SECRET: Not Loaded","timestamp":"2025-02-01 23:26:25"}
{"level":"\u001b[32minfo\u001b[39m","message":"Server is running on port: 1655","timestamp":"2025-02-01 23:26:25"}
{"level":"\u001b[32minfo\u001b[39m","message":"Database connected successfully","timestamp":"2025-02-01 23:26:25"}
{"level":"\u001b[32minfo\u001b[39m","message":"Database connection successful","timestamp":"2025-02-01 23:26:25"}
{"level":"\u001b[33mwarn\u001b[39m","message":"ACCESS_TOKEN_SECRET: Not Loaded","timestamp":"2025-02-01 23:27:45"}
{"level":"\u001b[33mwarn\u001b[39m","message":"REFRESH_TOKEN_SECRET: Not Loaded","timestamp":"2025-02-01 23:27:45"}
{"level":"\u001b[32minfo\u001b[39m","message":"Server is running on port: 1655","timestamp":"2025-02-01 23:27:45"}
{"level":"\u001b[32minfo\u001b[39m","message":"Database connected successfully","timestamp":"2025-02-01 23:27:46"}
{"level":"\u001b[32minfo\u001b[39m","message":"Database connection successful","timestamp":"2025-02-01 23:27:46"}
{"level":"\u001b[33mwarn\u001b[39m","message":"ACCESS_TOKEN_SECRET: Not Loaded","timestamp":"2025-02-01 23:27:53"}
{"level":"\u001b[33mwarn\u001b[39m","message":"REFRESH_TOKEN_SECRET: Not Loaded","timestamp":"2025-02-01 23:27:53"}
{"level":"\u001b[32minfo\u001b[39m","message":"Server is running on port: 1655","timestamp":"2025-02-01 23:27:53"}
{"level":"\u001b[32minfo\u001b[39m","message":"Database connected successfully","timestamp":"2025-02-01 23:27:53"}
{"level":"\u001b[32minfo\u001b[39m","message":"Database connection successful","timestamp":"2025-02-01 23:27:53"}
{"level":"\u001b[33mwarn\u001b[39m","message":"ACCESS_TOKEN_SECRET: Not Loaded","timestamp":"2025-02-01 23:31:07"}
{"level":"\u001b[33mwarn\u001b[39m","message":"REFRESH_TOKEN_SECRET: Not Loaded","timestamp":"2025-02-01 23:31:07"}
{"level":"\u001b[32minfo\u001b[39m","message":"Server is running on port: 1655","timestamp":"2025-02-01 23:31:07"}
{"level":"\u001b[32minfo\u001b[39m","message":"Database connected successfully","timestamp":"2025-02-01 23:31:08"}
{"level":"\u001b[32minfo\u001b[39m","message":"Database connection successful","timestamp":"2025-02-01 23:31:08"}
{"level":"\u001b[33mwarn\u001b[39m","message":"ACCESS_TOKEN_SECRET: Not Loaded","timestamp":"2025-02-01 23:31:12"}
{"level":"\u001b[33mwarn\u001b[39m","message":"REFRESH_TOKEN_SECRET: Not Loaded","timestamp":"2025-02-01 23:31:12"}
{"level":"\u001b[32minfo\u001b[39m","message":"Server is running on port: 1655","timestamp":"2025-02-01 23:31:12"}
{"level":"\u001b[32minfo\u001b[39m","message":"Database connected successfully","timestamp":"2025-02-01 23:31:12"}
{"level":"\u001b[32minfo\u001b[39m","message":"Database connection successful","timestamp":"2025-02-01 23:31:12"}
{"level":"\u001b[33mwarn\u001b[39m","message":"ACCESS_TOKEN_SECRET: Not Loaded","timestamp":"2025-02-01 23:32:53"}
{"level":"\u001b[33mwarn\u001b[39m","message":"REFRESH_TOKEN_SECRET: Not Loaded","timestamp":"2025-02-01 23:32:53"}
{"level":"\u001b[32minfo\u001b[39m","message":"Server is running on port: 1655","timestamp":"2025-02-01 23:32:53"}
{"level":"\u001b[32minfo\u001b[39m","message":"Database connected successfully","timestamp":"2025-02-01 23:32:53"}
{"level":"\u001b[32minfo\u001b[39m","message":"Database connection successful","timestamp":"2025-02-01 23:32:53"}
{"level":"\u001b[33mwarn\u001b[39m","message":"ACCESS_TOKEN_SECRET: Not Loaded","timestamp":"2025-02-01 23:33:29"}
{"level":"\u001b[33mwarn\u001b[39m","message":"REFRESH_TOKEN_SECRET: Not Loaded","timestamp":"2025-02-01 23:33:29"}
{"level":"\u001b[32minfo\u001b[39m","message":"Server is running on port: 1655","timestamp":"2025-02-01 23:33:29"}
{"level":"\u001b[32minfo\u001b[39m","message":"Database connected successfully","timestamp":"2025-02-01 23:33:29"}
{"level":"\u001b[32minfo\u001b[39m","message":"Database connection successful","timestamp":"2025-02-01 23:33:29"}
{"level":"\u001b[33mwarn\u001b[39m","message":"ACCESS_TOKEN_SECRET: Not Loaded","timestamp":"2025-02-01 23:38:23"}
{"level":"\u001b[33mwarn\u001b[39m","message":"REFRESH_TOKEN_SECRET: Not Loaded","timestamp":"2025-02-01 23:38:23"}
{"level":"\u001b[32minfo\u001b[39m","message":"Server is running on port: 1655","timestamp":"2025-02-01 23:38:23"}
{"level":"\u001b[32minfo\u001b[39m","message":"Database connected successfully","timestamp":"2025-02-01 23:38:23"}
{"level":"\u001b[32minfo\u001b[39m","message":"Database connection successful","timestamp":"2025-02-01 23:38:23"}
{"level":"\u001b[33mwarn\u001b[39m","message":"ACCESS_TOKEN_SECRET: Not Loaded","timestamp":"2025-02-01 23:38:58"}
{"level":"\u001b[33mwarn\u001b[39m","message":"REFRESH_TOKEN_SECRET: Not Loaded","timestamp":"2025-02-01 23:38:58"}
{"level":"\u001b[32minfo\u001b[39m","message":"Server is running on port: 1655","timestamp":"2025-02-01 23:38:58"}
{"level":"\u001b[32minfo\u001b[39m","message":"Database connected successfully","timestamp":"2025-02-01 23:38:59"}
{"level":"\u001b[32minfo\u001b[39m","message":"Database connection successful","timestamp":"2025-02-01 23:38:59"}
{"level":"\u001b[33mwarn\u001b[39m","message":"ACCESS_TOKEN_SECRET: Not Loaded","timestamp":"2025-02-01 23:39:09"}
{"level":"\u001b[33mwarn\u001b[39m","message":"REFRESH_TOKEN_SECRET: Not Loaded","timestamp":"2025-02-01 23:39:09"}
{"level":"\u001b[32minfo\u001b[39m","message":"Server is running on port: 1655","timestamp":"2025-02-01 23:39:09"}
{"level":"\u001b[32minfo\u001b[39m","message":"Database connected successfully","timestamp":"2025-02-01 23:39:09"}
{"level":"\u001b[32minfo\u001b[39m","message":"Database connection successful","timestamp":"2025-02-01 23:39:09"}
{"level":"\u001b[33mwarn\u001b[39m","message":"ACCESS_TOKEN_SECRET: Not Loaded","timestamp":"2025-02-01 23:39:41"}
{"level":"\u001b[33mwarn\u001b[39m","message":"REFRESH_TOKEN_SECRET: Not Loaded","timestamp":"2025-02-01 23:39:41"}
{"level":"\u001b[32minfo\u001b[39m","message":"Server is running on port: 1655","timestamp":"2025-02-01 23:39:41"}
{"level":"\u001b[32minfo\u001b[39m","message":"Database connected successfully","timestamp":"2025-02-01 23:39:42"}
{"level":"\u001b[32minfo\u001b[39m","message":"Database connection successful","timestamp":"2025-02-01 23:39:42"}
{"level":"\u001b[33mwarn\u001b[39m","message":"ACCESS_TOKEN_SECRET: Not Loaded","timestamp":"2025-02-01 23:52:47"}
{"level":"\u001b[33mwarn\u001b[39m","message":"REFRESH_TOKEN_SECRET: Not Loaded","timestamp":"2025-02-01 23:52:47"}
{"level":"\u001b[32minfo\u001b[39m","message":"Server is running on port: 1655","timestamp":"2025-02-01 23:52:47"}
{"level":"\u001b[32minfo\u001b[39m","message":"Database connected successfully","timestamp":"2025-02-01 23:52:47"}
{"level":"\u001b[32minfo\u001b[39m","message":"Database connection successful","timestamp":"2025-02-01 23:52:47"}
{"level":"\u001b[33mwarn\u001b[39m","message":"ACCESS_TOKEN_SECRET: Not Loaded","timestamp":"2025-02-02 00:00:33"}
{"level":"\u001b[33mwarn\u001b[39m","message":"REFRESH_TOKEN_SECRET: Not Loaded","timestamp":"2025-02-02 00:00:33"}
{"level":"\u001b[32minfo\u001b[39m","message":"Server is running on port: 1655","timestamp":"2025-02-02 00:00:33"}
{"level":"\u001b[32minfo\u001b[39m","message":"Database connected successfully","timestamp":"2025-02-02 00:00:33"}
{"level":"\u001b[32minfo\u001b[39m","message":"Database connection successful","timestamp":"2025-02-02 00:00:33"}
{"level":"\u001b[33mwarn\u001b[39m","message":"ACCESS_TOKEN_SECRET: Not Loaded","timestamp":"2025-02-02 00:02:26"}
{"level":"\u001b[33mwarn\u001b[39m","message":"REFRESH_TOKEN_SECRET: Not Loaded","timestamp":"2025-02-02 00:02:26"}
{"level":"\u001b[32minfo\u001b[39m","message":"Server is running on port: 1655","timestamp":"2025-02-02 00:02:26"}
{"level":"\u001b[32minfo\u001b[39m","message":"Database connected successfully","timestamp":"2025-02-02 00:02:26"}
{"level":"\u001b[32minfo\u001b[39m","message":"Database connection successful","timestamp":"2025-02-02 00:02:26"}
{"level":"\u001b[33mwarn\u001b[39m","message":"ACCESS_TOKEN_SECRET: Not Loaded","timestamp":"2025-02-02 00:04:47"}
{"level":"\u001b[33mwarn\u001b[39m","message":"REFRESH_TOKEN_SECRET: Not Loaded","timestamp":"2025-02-02 00:04:47"}
{"level":"\u001b[32minfo\u001b[39m","message":"Server is running on port: 1655","timestamp":"2025-02-02 00:04:47"}
{"level":"\u001b[32minfo\u001b[39m","message":"Database connected successfully","timestamp":"2025-02-02 00:04:47"}
{"level":"\u001b[32minfo\u001b[39m","message":"Database connection successful","timestamp":"2025-02-02 00:04:47"}
{"level":"\u001b[33mwarn\u001b[39m","message":"ACCESS_TOKEN_SECRET: Not Loaded","timestamp":"2025-02-02 00:05:16"}
{"level":"\u001b[33mwarn\u001b[39m","message":"REFRESH_TOKEN_SECRET: Not Loaded","timestamp":"2025-02-02 00:05:16"}
{"level":"\u001b[32minfo\u001b[39m","message":"Server is running on port: 1655","timestamp":"2025-02-02 00:05:16"}
{"level":"\u001b[32minfo\u001b[39m","message":"Database connected successfully","timestamp":"2025-02-02 00:05:16"}
{"level":"\u001b[32minfo\u001b[39m","message":"Database connection successful","timestamp":"2025-02-02 00:05:16"}
{"level":"\u001b[33mwarn\u001b[39m","message":"ACCESS_TOKEN_SECRET: Not Loaded","timestamp":"2025-02-02 00:05:26"}
{"level":"\u001b[33mwarn\u001b[39m","message":"REFRESH_TOKEN_SECRET: Not Loaded","timestamp":"2025-02-02 00:05:26"}
{"level":"\u001b[32minfo\u001b[39m","message":"Server is running on port: 1655","timestamp":"2025-02-02 00:05:26"}
{"level":"\u001b[32minfo\u001b[39m","message":"Database connected successfully","timestamp":"2025-02-02 00:05:26"}
{"level":"\u001b[32minfo\u001b[39m","message":"Database connection successful","timestamp":"2025-02-02 00:05:26"}
{"level":"\u001b[33mwarn\u001b[39m","message":"ACCESS_TOKEN_SECRET: Not Loaded","timestamp":"2025-02-02 00:09:12"}
{"level":"\u001b[33mwarn\u001b[39m","message":"REFRESH_TOKEN_SECRET: Not Loaded","timestamp":"2025-02-02 00:09:12"}
{"level":"\u001b[32minfo\u001b[39m","message":"Server is running on port: 1655","timestamp":"2025-02-02 00:09:12"}
{"level":"\u001b[32minfo\u001b[39m","message":"Database connected successfully","timestamp":"2025-02-02 00:09:12"}
{"level":"\u001b[32minfo\u001b[39m","message":"Database connection successful","timestamp":"2025-02-02 00:09:12"}
{"level":"\u001b[33mwarn\u001b[39m","message":"ACCESS_TOKEN_SECRET: Not Loaded","timestamp":"2025-02-02 00:09:17"}
{"level":"\u001b[33mwarn\u001b[39m","message":"REFRESH_TOKEN_SECRET: Not Loaded","timestamp":"2025-02-02 00:09:17"}
{"level":"\u001b[32minfo\u001b[39m","message":"Server is running on port: 1655","timestamp":"2025-02-02 00:09:17"}
{"level":"\u001b[32minfo\u001b[39m","message":"Database connected successfully","timestamp":"2025-02-02 00:09:17"}
{"level":"\u001b[32minfo\u001b[39m","message":"Database connection successful","timestamp":"2025-02-02 00:09:17"}
{"level":"\u001b[33mwarn\u001b[39m","message":"ACCESS_TOKEN_SECRET: Not Loaded","timestamp":"2025-02-02 00:09:43"}
{"level":"\u001b[33mwarn\u001b[39m","message":"REFRESH_TOKEN_SECRET: Not Loaded","timestamp":"2025-02-02 00:09:43"}
{"level":"\u001b[32minfo\u001b[39m","message":"Server is running on port: 1655","timestamp":"2025-02-02 00:09:43"}
{"level":"\u001b[32minfo\u001b[39m","message":"Database connected successfully","timestamp":"2025-02-02 00:09:43"}
{"level":"\u001b[32minfo\u001b[39m","message":"Database connection successful","timestamp":"2025-02-02 00:09:43"}
{"level":"\u001b[33mwarn\u001b[39m","message":"ACCESS_TOKEN_SECRET: Not Loaded","timestamp":"2025-02-02 00:10:38"}
{"level":"\u001b[33mwarn\u001b[39m","message":"REFRESH_TOKEN_SECRET: Not Loaded","timestamp":"2025-02-02 00:10:38"}
{"level":"\u001b[32minfo\u001b[39m","message":"Server is running on port: 1655","timestamp":"2025-02-02 00:10:38"}
{"level":"\u001b[32minfo\u001b[39m","message":"Database connected successfully","timestamp":"2025-02-02 00:10:39"}
{"level":"\u001b[32minfo\u001b[39m","message":"Database connection successful","timestamp":"2025-02-02 00:10:39"}
{"level":"\u001b[33mwarn\u001b[39m","message":"ACCESS_TOKEN_SECRET: Not Loaded","timestamp":"2025-02-02 19:35:19"}
{"level":"\u001b[33mwarn\u001b[39m","message":"REFRESH_TOKEN_SECRET: Not Loaded","timestamp":"2025-02-02 19:35:19"}
{"level":"\u001b[32minfo\u001b[39m","message":"Server is running on port: 1655","timestamp":"2025-02-02 19:35:19"}
{"level":"\u001b[32minfo\u001b[39m","message":"Database connected successfully","timestamp":"2025-02-02 19:35:20"}
{"level":"\u001b[32minfo\u001b[39m","message":"Database connection successful","timestamp":"2025-02-02 19:35:20"}
{"level":"\u001b[33mwarn\u001b[39m","message":"ACCESS_TOKEN_SECRET: Not Loaded","timestamp":"2025-02-02 19:37:21"}
{"level":"\u001b[33mwarn\u001b[39m","message":"REFRESH_TOKEN_SECRET: Not Loaded","timestamp":"2025-02-02 19:37:21"}
{"level":"\u001b[32minfo\u001b[39m","message":"Server is running on port: 1655","timestamp":"2025-02-02 19:37:21"}
{"level":"\u001b[32minfo\u001b[39m","message":"Database connected successfully","timestamp":"2025-02-02 19:37:21"}
{"level":"\u001b[32minfo\u001b[39m","message":"Database connection successful","timestamp":"2025-02-02 19:37:21"}
{"level":"\u001b[33mwarn\u001b[39m","message":"ACCESS_TOKEN_SECRET: Not Loaded","timestamp":"2025-02-02 20:53:59"}
{"level":"\u001b[33mwarn\u001b[39m","message":"REFRESH_TOKEN_SECRET: Not Loaded","timestamp":"2025-02-02 20:53:59"}
{"level":"\u001b[32minfo\u001b[39m","message":"Server is running on port: 1655","timestamp":"2025-02-02 20:53:59"}
{"level":"\u001b[32minfo\u001b[39m","message":"Database connected successfully","timestamp":"2025-02-02 20:53:59"}
{"level":"\u001b[32minfo\u001b[39m","message":"Database connection successful","timestamp":"2025-02-02 20:53:59"}
{"level":"\u001b[33mwarn\u001b[39m","message":"ACCESS_TOKEN_SECRET: Not Loaded","timestamp":"2025-02-02 20:54:18"}
{"level":"\u001b[33mwarn\u001b[39m","message":"REFRESH_TOKEN_SECRET: Not Loaded","timestamp":"2025-02-02 20:54:18"}
{"level":"\u001b[32minfo\u001b[39m","message":"Server is running on port: 1655","timestamp":"2025-02-02 20:54:18"}
{"level":"\u001b[32minfo\u001b[39m","message":"Database connected successfully","timestamp":"2025-02-02 20:54:18"}
{"level":"\u001b[32minfo\u001b[39m","message":"Database connection successful","timestamp":"2025-02-02 20:54:18"}
{"level":"\u001b[33mwarn\u001b[39m","message":"ACCESS_TOKEN_SECRET: Not Loaded","timestamp":"2025-02-02 20:54:20"}
{"level":"\u001b[33mwarn\u001b[39m","message":"REFRESH_TOKEN_SECRET: Not Loaded","timestamp":"2025-02-02 20:54:20"}
{"level":"\u001b[32minfo\u001b[39m","message":"Server is running on port: 1655","timestamp":"2025-02-02 20:54:20"}
{"level":"\u001b[32minfo\u001b[39m","message":"Database connected successfully","timestamp":"2025-02-02 20:54:20"}
{"level":"\u001b[32minfo\u001b[39m","message":"Database connection successful","timestamp":"2025-02-02 20:54:20"}
{"level":"\u001b[33mwarn\u001b[39m","message":"ACCESS_TOKEN_SECRET: Not Loaded","timestamp":"2025-02-02 20:54:29"}
{"level":"\u001b[33mwarn\u001b[39m","message":"REFRESH_TOKEN_SECRET: Not Loaded","timestamp":"2025-02-02 20:54:29"}
{"level":"\u001b[32minfo\u001b[39m","message":"Server is running on port: 1655","timestamp":"2025-02-02 20:54:29"}
{"level":"\u001b[32minfo\u001b[39m","message":"Database connected successfully","timestamp":"2025-02-02 20:54:30"}
{"level":"\u001b[32minfo\u001b[39m","message":"Database connection successful","timestamp":"2025-02-02 20:54:30"}
{"level":"\u001b[33mwarn\u001b[39m","message":"ACCESS_TOKEN_SECRET: Not Loaded","timestamp":"2025-02-02 20:57:01"}
{"level":"\u001b[33mwarn\u001b[39m","message":"REFRESH_TOKEN_SECRET: Not Loaded","timestamp":"2025-02-02 20:57:01"}
{"level":"\u001b[32minfo\u001b[39m","message":"Server is running on port: 1655","timestamp":"2025-02-02 20:57:01"}
{"level":"\u001b[32minfo\u001b[39m","message":"Database connected successfully","timestamp":"2025-02-02 20:57:01"}
{"level":"\u001b[32minfo\u001b[39m","message":"Database connection successful","timestamp":"2025-02-02 20:57:01"}
{"level":"\u001b[33mwarn\u001b[39m","message":"ACCESS_TOKEN_SECRET: Not Loaded","timestamp":"2025-02-02 20:57:03"}
{"level":"\u001b[33mwarn\u001b[39m","message":"REFRESH_TOKEN_SECRET: Not Loaded","timestamp":"2025-02-02 20:57:03"}
{"level":"\u001b[32minfo\u001b[39m","message":"Server is running on port: 1655","timestamp":"2025-02-02 20:57:03"}
{"level":"\u001b[32minfo\u001b[39m","message":"Database connected successfully","timestamp":"2025-02-02 20:57:04"}
{"level":"\u001b[32minfo\u001b[39m","message":"Database connection successful","timestamp":"2025-02-02 20:57:04"}
{"level":"\u001b[33mwarn\u001b[39m","message":"ACCESS_TOKEN_SECRET: Not Loaded","timestamp":"2025-02-02 20:58:30"}
{"level":"\u001b[33mwarn\u001b[39m","message":"REFRESH_TOKEN_SECRET: Not Loaded","timestamp":"2025-02-02 20:58:30"}
{"level":"\u001b[32minfo\u001b[39m","message":"Server is running on port: 1655","timestamp":"2025-02-02 20:58:30"}
{"level":"\u001b[32minfo\u001b[39m","message":"Database connected successfully","timestamp":"2025-02-02 20:58:30"}
{"level":"\u001b[32minfo\u001b[39m","message":"Database connection successful","timestamp":"2025-02-02 20:58:30"}
{"level":"\u001b[33mwarn\u001b[39m","message":"ACCESS_TOKEN_SECRET: Not Loaded","timestamp":"2025-02-02 20:59:49"}
{"level":"\u001b[33mwarn\u001b[39m","message":"REFRESH_TOKEN_SECRET: Not Loaded","timestamp":"2025-02-02 20:59:49"}
{"level":"\u001b[32minfo\u001b[39m","message":"Server is running on port: 1655","timestamp":"2025-02-02 20:59:49"}
{"level":"\u001b[32minfo\u001b[39m","message":"Database connected successfully","timestamp":"2025-02-02 20:59:49"}
{"level":"\u001b[32minfo\u001b[39m","message":"Database connection successful","timestamp":"2025-02-02 20:59:49"}
{"level":"\u001b[33mwarn\u001b[39m","message":"ACCESS_TOKEN_SECRET: Not Loaded","timestamp":"2025-02-04 23:11:20"}
{"level":"\u001b[33mwarn\u001b[39m","message":"REFRESH_TOKEN_SECRET: Not Loaded","timestamp":"2025-02-04 23:11:20"}
{"level":"\u001b[32minfo\u001b[39m","message":"Server is running on port: 1655","timestamp":"2025-02-04 23:11:20"}
{"level":"\u001b[32minfo\u001b[39m","message":"Database connected successfully","timestamp":"2025-02-04 23:11:20"}
{"level":"\u001b[32minfo\u001b[39m","message":"Database connection successful","timestamp":"2025-02-04 23:11:20"}
{"level":"\u001b[33mwarn\u001b[39m","message":"ACCESS_TOKEN_SECRET: Not Loaded","timestamp":"2025-02-04 23:17:50"}
{"level":"\u001b[33mwarn\u001b[39m","message":"REFRESH_TOKEN_SECRET: Not Loaded","timestamp":"2025-02-04 23:17:50"}
{"level":"\u001b[32minfo\u001b[39m","message":"Server is running on port: 1655","timestamp":"2025-02-04 23:17:50"}
{"level":"\u001b[32minfo\u001b[39m","message":"Database connected successfully","timestamp":"2025-02-04 23:17:51"}
{"level":"\u001b[32minfo\u001b[39m","message":"Database connection successful","timestamp":"2025-02-04 23:17:51"}
{"level":"\u001b[33mwarn\u001b[39m","message":"ACCESS_TOKEN_SECRET: Not Loaded","timestamp":"2025-02-04 23:18:17"}
{"level":"\u001b[33mwarn\u001b[39m","message":"REFRESH_TOKEN_SECRET: Not Loaded","timestamp":"2025-02-04 23:18:17"}
{"level":"\u001b[32minfo\u001b[39m","message":"Server is running on port: 1655","timestamp":"2025-02-04 23:18:17"}
{"level":"\u001b[32minfo\u001b[39m","message":"Database connected successfully","timestamp":"2025-02-04 23:18:18"}
{"level":"\u001b[32minfo\u001b[39m","message":"Database connection successful","timestamp":"2025-02-04 23:18:18"}
{"level":"\u001b[33mwarn\u001b[39m","message":"ACCESS_TOKEN_SECRET: Not Loaded","timestamp":"2025-02-04 23:18:56"}
{"level":"\u001b[33mwarn\u001b[39m","message":"REFRESH_TOKEN_SECRET: Not Loaded","timestamp":"2025-02-04 23:18:56"}
{"level":"\u001b[32minfo\u001b[39m","message":"Server is running on port: 1655","timestamp":"2025-02-04 23:18:56"}
{"level":"\u001b[32minfo\u001b[39m","message":"Database connected successfully","timestamp":"2025-02-04 23:18:56"}
{"level":"\u001b[32minfo\u001b[39m","message":"Database connection successful","timestamp":"2025-02-04 23:18:56"}
{"level":"\u001b[33mwarn\u001b[39m","message":"ACCESS_TOKEN_SECRET: Not Loaded","timestamp":"2025-02-04 23:19:05"}
{"level":"\u001b[33mwarn\u001b[39m","message":"REFRESH_TOKEN_SECRET: Not Loaded","timestamp":"2025-02-04 23:19:05"}
{"level":"\u001b[32minfo\u001b[39m","message":"Server is running on port: 1655","timestamp":"2025-02-04 23:19:05"}
{"level":"\u001b[32minfo\u001b[39m","message":"Database connected successfully","timestamp":"2025-02-04 23:19:06"}
{"level":"\u001b[32minfo\u001b[39m","message":"Database connection successful","timestamp":"2025-02-04 23:19:06"}
{"level":"\u001b[33mwarn\u001b[39m","message":"ACCESS_TOKEN_SECRET: Not Loaded","timestamp":"2025-02-04 23:19:23"}
{"level":"\u001b[33mwarn\u001b[39m","message":"REFRESH_TOKEN_SECRET: Not Loaded","timestamp":"2025-02-04 23:19:23"}
{"level":"\u001b[32minfo\u001b[39m","message":"Server is running on port: 1655","timestamp":"2025-02-04 23:19:23"}
{"level":"\u001b[32minfo\u001b[39m","message":"Database connected successfully","timestamp":"2025-02-04 23:19:24"}
{"level":"\u001b[32minfo\u001b[39m","message":"Database connection successful","timestamp":"2025-02-04 23:19:24"}
{"level":"\u001b[33mwarn\u001b[39m","message":"ACCESS_TOKEN_SECRET: Not Loaded","timestamp":"2025-02-04 23:19:31"}
{"level":"\u001b[33mwarn\u001b[39m","message":"REFRESH_TOKEN_SECRET: Not Loaded","timestamp":"2025-02-04 23:19:31"}
{"level":"\u001b[32minfo\u001b[39m","message":"Server is running on port: 1655","timestamp":"2025-02-04 23:19:31"}
{"level":"\u001b[32minfo\u001b[39m","message":"Database connected successfully","timestamp":"2025-02-04 23:19:31"}
{"level":"\u001b[32minfo\u001b[39m","message":"Database connection successful","timestamp":"2025-02-04 23:19:31"}
{"level":"\u001b[33mwarn\u001b[39m","message":"ACCESS_TOKEN_SECRET: Not Loaded","timestamp":"2025-02-04 23:19:39"}
{"level":"\u001b[33mwarn\u001b[39m","message":"REFRESH_TOKEN_SECRET: Not Loaded","timestamp":"2025-02-04 23:19:39"}
{"level":"\u001b[32minfo\u001b[39m","message":"Server is running on port: 1655","timestamp":"2025-02-04 23:19:39"}
{"level":"\u001b[32minfo\u001b[39m","message":"Database connected successfully","timestamp":"2025-02-04 23:19:40"}
{"level":"\u001b[32minfo\u001b[39m","message":"Database connection successful","timestamp":"2025-02-04 23:19:40"}
{"level":"\u001b[33mwarn\u001b[39m","message":"ACCESS_TOKEN_SECRET: Not Loaded","timestamp":"2025-02-04 23:20:50"}
{"level":"\u001b[33mwarn\u001b[39m","message":"REFRESH_TOKEN_SECRET: Not Loaded","timestamp":"2025-02-04 23:20:50"}
{"level":"\u001b[32minfo\u001b[39m","message":"Server is running on port: 1655","timestamp":"2025-02-04 23:20:50"}
{"level":"\u001b[32minfo\u001b[39m","message":"Database connected successfully","timestamp":"2025-02-04 23:20:50"}
{"level":"\u001b[32minfo\u001b[39m","message":"Database connection successful","timestamp":"2025-02-04 23:20:50"}
{"level":"\u001b[33mwarn\u001b[39m","message":"ACCESS_TOKEN_SECRET: Not Loaded","timestamp":"2025-02-04 23:20:53"}
{"level":"\u001b[33mwarn\u001b[39m","message":"REFRESH_TOKEN_SECRET: Not Loaded","timestamp":"2025-02-04 23:20:53"}
{"level":"\u001b[32minfo\u001b[39m","message":"Server is running on port: 1655","timestamp":"2025-02-04 23:20:53"}
{"level":"\u001b[32minfo\u001b[39m","message":"Database connected successfully","timestamp":"2025-02-04 23:20:53"}
{"level":"\u001b[32minfo\u001b[39m","message":"Database connection successful","timestamp":"2025-02-04 23:20:53"}
{"level":"\u001b[33mwarn\u001b[39m","message":"ACCESS_TOKEN_SECRET: Not Loaded","timestamp":"2025-02-04 23:21:17"}
{"level":"\u001b[33mwarn\u001b[39m","message":"REFRESH_TOKEN_SECRET: Not Loaded","timestamp":"2025-02-04 23:21:17"}
{"level":"\u001b[32minfo\u001b[39m","message":"Server is running on port: 1655","timestamp":"2025-02-04 23:21:17"}
{"level":"\u001b[32minfo\u001b[39m","message":"Database connected successfully","timestamp":"2025-02-04 23:21:17"}
{"level":"\u001b[32minfo\u001b[39m","message":"Database connection successful","timestamp":"2025-02-04 23:21:17"}
{"level":"\u001b[33mwarn\u001b[39m","message":"ACCESS_TOKEN_SECRET: Not Loaded","timestamp":"2025-02-04 23:30:31"}
{"level":"\u001b[33mwarn\u001b[39m","message":"REFRESH_TOKEN_SECRET: Not Loaded","timestamp":"2025-02-04 23:30:31"}
{"level":"\u001b[32minfo\u001b[39m","message":"Server is running on port: 1655","timestamp":"2025-02-04 23:30:31"}
{"level":"\u001b[32minfo\u001b[39m","message":"Database connected successfully","timestamp":"2025-02-04 23:30:31"}
{"level":"\u001b[32minfo\u001b[39m","message":"Database connection successful","timestamp":"2025-02-04 23:30:31"}
{"level":"\u001b[33mwarn\u001b[39m","message":"ACCESS_TOKEN_SECRET: Not Loaded","timestamp":"2025-02-04 23:39:30"}
{"level":"\u001b[33mwarn\u001b[39m","message":"REFRESH_TOKEN_SECRET: Not Loaded","timestamp":"2025-02-04 23:39:30"}
{"level":"\u001b[32minfo\u001b[39m","message":"Server is running on port: 1655","timestamp":"2025-02-04 23:39:30"}
{"level":"\u001b[32minfo\u001b[39m","message":"Database connected successfully","timestamp":"2025-02-04 23:39:31"}
{"level":"\u001b[32minfo\u001b[39m","message":"Database connection successful","timestamp":"2025-02-04 23:39:31"}
{"level":"\u001b[33mwarn\u001b[39m","message":"ACCESS_TOKEN_SECRET: Not Loaded","timestamp":"2025-02-04 23:39:39"}
{"level":"\u001b[33mwarn\u001b[39m","message":"REFRESH_TOKEN_SECRET: Not Loaded","timestamp":"2025-02-04 23:39:39"}
{"level":"\u001b[32minfo\u001b[39m","message":"Server is running on port: 1655","timestamp":"2025-02-04 23:39:39"}
{"level":"\u001b[32minfo\u001b[39m","message":"Database connected successfully","timestamp":"2025-02-04 23:39:40"}
{"level":"\u001b[32minfo\u001b[39m","message":"Database connection successful","timestamp":"2025-02-04 23:39:40"}
{"level":"\u001b[33mwarn\u001b[39m","message":"ACCESS_TOKEN_SECRET: Not Loaded","timestamp":"2025-02-04 23:52:34"}
{"level":"\u001b[33mwarn\u001b[39m","message":"REFRESH_TOKEN_SECRET: Not Loaded","timestamp":"2025-02-04 23:52:34"}
{"level":"\u001b[32minfo\u001b[39m","message":"Server is running on port: 1655","timestamp":"2025-02-04 23:52:34"}
{"level":"\u001b[32minfo\u001b[39m","message":"Database connected successfully","timestamp":"2025-02-04 23:52:34"}
{"level":"\u001b[32minfo\u001b[39m","message":"Database connection successful","timestamp":"2025-02-04 23:52:34"}
{"level":"\u001b[33mwarn\u001b[39m","message":"ACCESS_TOKEN_SECRET: Not Loaded","timestamp":"2025-02-05 00:06:24"}
{"level":"\u001b[33mwarn\u001b[39m","message":"REFRESH_TOKEN_SECRET: Not Loaded","timestamp":"2025-02-05 00:06:24"}
{"level":"\u001b[32minfo\u001b[39m","message":"Server is running on port: 1655","timestamp":"2025-02-05 00:06:24"}
{"level":"\u001b[32minfo\u001b[39m","message":"Database connected successfully","timestamp":"2025-02-05 00:06:24"}
{"level":"\u001b[32minfo\u001b[39m","message":"Database connection successful","timestamp":"2025-02-05 00:06:24"}
{"level":"\u001b[33mwarn\u001b[39m","message":"ACCESS_TOKEN_SECRET: Not Loaded","timestamp":"2025-02-05 00:10:57"}
{"level":"\u001b[33mwarn\u001b[39m","message":"REFRESH_TOKEN_SECRET: Not Loaded","timestamp":"2025-02-05 00:10:57"}
{"level":"\u001b[32minfo\u001b[39m","message":"Server is running on port: 1655","timestamp":"2025-02-05 00:10:57"}
{"level":"\u001b[32minfo\u001b[39m","message":"Database connected successfully","timestamp":"2025-02-05 00:10:58"}
{"level":"\u001b[32minfo\u001b[39m","message":"Database connection successful","timestamp":"2025-02-05 00:10:58"}
{"level":"\u001b[33mwarn\u001b[39m","message":"ACCESS_TOKEN_SECRET: Not Loaded","timestamp":"2025-02-05 00:17:30"}
{"level":"\u001b[33mwarn\u001b[39m","message":"REFRESH_TOKEN_SECRET: Not Loaded","timestamp":"2025-02-05 00:17:30"}
{"level":"\u001b[32minfo\u001b[39m","message":"Server is running on port: 1655","timestamp":"2025-02-05 00:17:30"}
{"level":"\u001b[32minfo\u001b[39m","message":"Database connected successfully","timestamp":"2025-02-05 00:17:30"}
{"level":"\u001b[32minfo\u001b[39m","message":"Database connection successful","timestamp":"2025-02-05 00:17:30"}
{"level":"\u001b[33mwarn\u001b[39m","message":"ACCESS_TOKEN_SECRET: Not Loaded","timestamp":"2025-02-05 00:20:30"}
{"level":"\u001b[33mwarn\u001b[39m","message":"REFRESH_TOKEN_SECRET: Not Loaded","timestamp":"2025-02-05 00:20:30"}
{"level":"\u001b[32minfo\u001b[39m","message":"Server is running on port: 1655","timestamp":"2025-02-05 00:20:30"}
{"level":"\u001b[32minfo\u001b[39m","message":"Database connected successfully","timestamp":"2025-02-05 00:20:30"}
{"level":"\u001b[32minfo\u001b[39m","message":"Database connection successful","timestamp":"2025-02-05 00:20:30"}
{"level":"\u001b[33mwarn\u001b[39m","message":"ACCESS_TOKEN_SECRET: Not Loaded","timestamp":"2025-02-05 00:21:39"}
{"level":"\u001b[33mwarn\u001b[39m","message":"REFRESH_TOKEN_SECRET: Not Loaded","timestamp":"2025-02-05 00:21:39"}
{"level":"\u001b[32minfo\u001b[39m","message":"Server is running on port: 1655","timestamp":"2025-02-05 00:21:39"}
{"level":"\u001b[32minfo\u001b[39m","message":"Database connected successfully","timestamp":"2025-02-05 00:21:40"}
{"level":"\u001b[32minfo\u001b[39m","message":"Database connection successful","timestamp":"2025-02-05 00:21:40"}
{"level":"\u001b[33mwarn\u001b[39m","message":"ACCESS_TOKEN_SECRET: Not Loaded","timestamp":"2025-02-05 00:24:14"}
{"level":"\u001b[33mwarn\u001b[39m","message":"REFRESH_TOKEN_SECRET: Not Loaded","timestamp":"2025-02-05 00:24:14"}
{"level":"\u001b[32minfo\u001b[39m","message":"Server is running on port: 1655","timestamp":"2025-02-05 00:24:14"}
{"level":"\u001b[32minfo\u001b[39m","message":"Database connected successfully","timestamp":"2025-02-05 00:24:14"}
{"level":"\u001b[32minfo\u001b[39m","message":"Database connection successful","timestamp":"2025-02-05 00:24:14"}
{"level":"\u001b[33mwarn\u001b[39m","message":"ACCESS_TOKEN_SECRET: Not Loaded","timestamp":"2025-02-05 00:24:19"}
{"level":"\u001b[33mwarn\u001b[39m","message":"REFRESH_TOKEN_SECRET: Not Loaded","timestamp":"2025-02-05 00:24:19"}
{"level":"\u001b[32minfo\u001b[39m","message":"Server is running on port: 1655","timestamp":"2025-02-05 00:24:19"}
{"level":"\u001b[32minfo\u001b[39m","message":"Database connected successfully","timestamp":"2025-02-05 00:24:19"}
{"level":"\u001b[32minfo\u001b[39m","message":"Database connection successful","timestamp":"2025-02-05 00:24:19"}
{"level":"\u001b[33mwarn\u001b[39m","message":"ACCESS_TOKEN_SECRET: Not Loaded","timestamp":"2025-02-05 00:28:53"}
{"level":"\u001b[33mwarn\u001b[39m","message":"REFRESH_TOKEN_SECRET: Not Loaded","timestamp":"2025-02-05 00:28:53"}
{"level":"\u001b[32minfo\u001b[39m","message":"Server is running on port: 1655","timestamp":"2025-02-05 00:28:53"}
{"level":"\u001b[32minfo\u001b[39m","message":"Database connected successfully","timestamp":"2025-02-05 00:28:54"}
{"level":"\u001b[32minfo\u001b[39m","message":"Database connection successful","timestamp":"2025-02-05 00:28:54"}
{"level":"\u001b[33mwarn\u001b[39m","message":"ACCESS_TOKEN_SECRET: Not Loaded","timestamp":"2025-02-05 00:31:22"}
{"level":"\u001b[33mwarn\u001b[39m","message":"REFRESH_TOKEN_SECRET: Not Loaded","timestamp":"2025-02-05 00:31:22"}
{"level":"\u001b[32minfo\u001b[39m","message":"Server is running on port: 1655","timestamp":"2025-02-05 00:31:22"}
{"level":"\u001b[32minfo\u001b[39m","message":"Database connected successfully","timestamp":"2025-02-05 00:31:23"}
{"level":"\u001b[32minfo\u001b[39m","message":"Database connection successful","timestamp":"2025-02-05 00:31:23"}
{"level":"\u001b[33mwarn\u001b[39m","message":"ACCESS_TOKEN_SECRET: Not Loaded","timestamp":"2025-02-05 00:32:36"}
{"level":"\u001b[33mwarn\u001b[39m","message":"REFRESH_TOKEN_SECRET: Not Loaded","timestamp":"2025-02-05 00:32:36"}
{"level":"\u001b[32minfo\u001b[39m","message":"Server is running on port: 1655","timestamp":"2025-02-05 00:32:36"}
{"level":"\u001b[32minfo\u001b[39m","message":"Database connected successfully","timestamp":"2025-02-05 00:32:36"}
{"level":"\u001b[32minfo\u001b[39m","message":"Database connection successful","timestamp":"2025-02-05 00:32:36"}
